Using pre-set license
Built from '2021.3/evg/staging/82bb020e-b03b1330/draft-0' branch; Version is '2021.3.16f1 (4016570cf34f) revision 4200023'; Using compiler version '192829333'; Build Type 'Release'
OS: 'Windows 11  (10.0.22621) 64bit CoreSingleLanguage' Language: 'en' Physical Memory: 16230 MB
BatchMode: 1, IsHumanControllingUs: 0, StartBugReporterOnCrash: 0, Is64bit: 1, IsPro: 1

COMMAND LINE ARGUMENTS:
C:\Program Files\Unity 2021.3.16f1\Editor\Unity.exe
-adb2
-batchMode
-noUpm
-name
AssetImportWorker3
-projectPath
D:/Unity Projects/Grappler-Project
-logFile
Logs/AssetImportWorker3.log
-srvPort
55588
Successfully changed project path to: D:/Unity Projects/Grappler-Project
D:/Unity Projects/Grappler-Project
[UnityMemory] Configuration Parameters - Can be set up in boot.config
    "memorysetup-bucket-allocator-granularity=16"
    "memorysetup-bucket-allocator-bucket-count=8"
    "memorysetup-bucket-allocator-block-size=33554432"
    "memorysetup-bucket-allocator-block-count=8"
    "memorysetup-main-allocator-block-size=16777216"
    "memorysetup-thread-allocator-block-size=16777216"
    "memorysetup-gfx-main-allocator-block-size=16777216"
    "memorysetup-gfx-thread-allocator-block-size=16777216"
    "memorysetup-cache-allocator-block-size=4194304"
    "memorysetup-typetree-allocator-block-size=2097152"
    "memorysetup-profiler-bucket-allocator-granularity=16"
    "memorysetup-profiler-bucket-allocator-bucket-count=8"
    "memorysetup-profiler-bucket-allocator-block-size=33554432"
    "memorysetup-profiler-bucket-allocator-block-count=8"
    "memorysetup-profiler-allocator-block-size=16777216"
    "memorysetup-profiler-editor-allocator-block-size=1048576"
    "memorysetup-temp-allocator-size-main=16777216"
    "memorysetup-job-temp-allocator-block-size=2097152"
    "memorysetup-job-temp-allocator-block-size-background=1048576"
    "memorysetup-job-temp-allocator-reduction-small-platforms=262144"
    "memorysetup-temp-allocator-size-background-worker=32768"
    "memorysetup-temp-allocator-size-job-worker=262144"
    "memorysetup-temp-allocator-size-preload-manager=33554432"
    "memorysetup-temp-allocator-size-nav-mesh-worker=65536"
    "memorysetup-temp-allocator-size-audio-worker=65536"
    "memorysetup-temp-allocator-size-cloud-worker=32768"
    "memorysetup-temp-allocator-size-gi-baking-worker=262144"
    "memorysetup-temp-allocator-size-gfx=262144"
Player connection [21796] Host "[IP] 192.168.1.149 [Port] 0 [Flags] 2 [Guid] 3852543286 [EditorId] 3852543286 [Version] 1048832 [Id] WindowsEditor(7,Anoushs-Laptop) [Debug] 1 [PackageName] WindowsEditor [ProjectName] Editor" joined multi-casting on [225.0.0.222:54997]...

Player connection [21796] Host "[IP] 192.168.1.149 [Port] 0 [Flags] 2 [Guid] 3852543286 [EditorId] 3852543286 [Version] 1048832 [Id] WindowsEditor(7,Anoushs-Laptop) [Debug] 1 [PackageName] WindowsEditor [ProjectName] Editor" joined alternative multi-casting on [225.0.0.222:34997]...

Refreshing native plugins compatible for Editor in 192.16 ms, found 4 plugins.
Preloading 0 native plugins for Editor in 0.00 ms.
Initialize engine version: 2021.3.16f1 (4016570cf34f)
[Subsystems] Discovering subsystems at path C:/Program Files/Unity 2021.3.16f1/Editor/Data/Resources/UnitySubsystems
[Subsystems] Discovering subsystems at path D:/Unity Projects/Grappler-Project/Assets
GfxDevice: creating device client; threaded=0; jobified=0
Direct3D:
    Version:  Direct3D 11.0 [level 11.1]
    Renderer: NVIDIA GeForce GTX 1650 (ID=0x1f99)
    Vendor:   NVIDIA
    VRAM:     3950 MB
    Driver:   31.0.15.3640
Initialize mono
Mono path[0] = 'C:/Program Files/Unity 2021.3.16f1/Editor/Data/Managed'
Mono path[1] = 'C:/Program Files/Unity 2021.3.16f1/Editor/Data/MonoBleedingEdge/lib/mono/unityjit-win32'
Mono config path = 'C:/Program Files/Unity 2021.3.16f1/Editor/Data/MonoBleedingEdge/etc'
Using monoOptions --debugger-agent=transport=dt_socket,embedding=1,server=y,suspend=n,address=127.0.0.1:56432
Begin MonoManager ReloadAssembly
Registering precompiled unity dll's ...
Register platform support module: C:/Program Files/Unity 2021.3.16f1/Editor/Data/PlaybackEngines/WindowsStandaloneSupport/UnityEditor.WindowsStandalone.Extensions.dll
Registered in 0.004444 seconds.
Native extension for WindowsStandalone target not found
Refreshing native plugins compatible for Editor in 173.70 ms, found 4 plugins.
Preloading 0 native plugins for Editor in 0.00 ms.
Mono: successfully reloaded assembly
- Completed reload, in  1.007 seconds
Domain Reload Profiling:
	ReloadAssembly (1008ms)
		BeginReloadAssembly (98ms)
			ExecutionOrderSort (0ms)
			DisableScriptedObjects (0ms)
			BackupInstance (0ms)
			ReleaseScriptingObjects (0ms)
			CreateAndSetChildDomain (1ms)
		EndReloadAssembly (750ms)
			LoadAssemblies (95ms)
			RebuildTransferFunctionScriptingTraits (0ms)
			SetupTypeCache (159ms)
			ReleaseScriptCaches (0ms)
			RebuildScriptCaches (43ms)
			SetupLoadedEditorAssemblies (473ms)
				LogAssemblyErrors (0ms)
				InitializePlatformSupportModulesInManaged (10ms)
				SetLoadedEditorAssemblies (0ms)
				RefreshPlugins (174ms)
				BeforeProcessingInitializeOnLoad (2ms)
				ProcessInitializeOnLoadAttributes (199ms)
				ProcessInitializeOnLoadMethodAttributes (88ms)
				AfterProcessingInitializeOnLoad (0ms)
				EditorAssembliesLoaded (0ms)
			ExecutionOrderSort2 (0ms)
			AwakeInstancesAfterBackupRestoration (0ms)
Platform modules already initialized, skipping
Registering precompiled user dll's ...
Registered in 0.010504 seconds.
Begin MonoManager ReloadAssembly
Symbol file LoadedFromMemory doesn't match image D:\Unity Projects\Grappler-Project\Library\PackageCache\com.unity.visualscripting@1.7.8\Editor\VisualScripting.Core\Dependencies\YamlDotNet\Unity.VisualScripting.YamlDotNet.dll
Symbol file LoadedFromMemory doesn't match image D:\Unity Projects\Grappler-Project\Library\PackageCache\com.unity.visualscripting@1.7.8\Editor\VisualScripting.Core\Dependencies\DotNetZip\Unity.VisualScripting.IonicZip.dll
Native extension for WindowsStandalone target not found
Refreshing native plugins compatible for Editor in 208.25 ms, found 4 plugins.
Preloading 0 native plugins for Editor in 0.00 ms.
Mono: successfully reloaded assembly
- Completed reload, in  2.041 seconds
Domain Reload Profiling:
	ReloadAssembly (2042ms)
		BeginReloadAssembly (184ms)
			ExecutionOrderSort (0ms)
			DisableScriptedObjects (11ms)
			BackupInstance (0ms)
			ReleaseScriptingObjects (0ms)
			CreateAndSetChildDomain (24ms)
		EndReloadAssembly (1646ms)
			LoadAssemblies (150ms)
			RebuildTransferFunctionScriptingTraits (0ms)
			SetupTypeCache (376ms)
			ReleaseScriptCaches (1ms)
			RebuildScriptCaches (121ms)
			SetupLoadedEditorAssemblies (878ms)
				LogAssemblyErrors (0ms)
				InitializePlatformSupportModulesInManaged (8ms)
				SetLoadedEditorAssemblies (0ms)
				RefreshPlugins (208ms)
				BeforeProcessingInitializeOnLoad (150ms)
				ProcessInitializeOnLoadAttributes (306ms)
				ProcessInitializeOnLoadMethodAttributes (196ms)
				AfterProcessingInitializeOnLoad (9ms)
				EditorAssembliesLoaded (0ms)
			ExecutionOrderSort2 (0ms)
			AwakeInstancesAfterBackupRestoration (9ms)
Platform modules already initialized, skipping
========================================================================
Worker process is ready to serve import requests
Launched and connected shader compiler UnityShaderCompiler.exe after 0.10 seconds
Refreshing native plugins compatible for Editor in 1.87 ms, found 4 plugins.
Preloading 0 native plugins for Editor in 0.00 ms.
Unloading 5530 Unused Serialized files (Serialized files now loaded: 0)
Unloading 48 unused Assets / (0.8 MB). Loaded Objects now: 5994.
Memory consumption went from 226.6 MB to 225.7 MB.
Total: 6.943700 ms (FindLiveObjects: 0.629600 ms CreateObjectMapping: 0.774100 ms MarkObjects: 4.797200 ms  DeleteObjects: 0.741500 ms)

AssetImportParameters requested are different than current active one (requested -> active):
  custom:video-decoder-ogg-theora: a1e56fd34408186e4bbccfd4996cb3dc -> 
  custom:container-muxer-webm: aa71ff27fc2769a1b78a27578f13a17b -> 
  custom:container-demuxer-webm: 4f35f7cbe854078d1ac9338744f61a02 -> 
  custom:video-encoder-webm-vp8: eb34c28f22e8b96e1ab97ce403110664 -> 
  custom:audio-encoder-webm-vorbis: bf7c407c2cedff20999df2af8eb42d56 -> 
  custom:framework-win-MediaFoundation: 216162199b28c13a410421893ffa2e32 -> 
  custom:container-demuxer-ogg: 62fdf1f143b41e24485cea50d1cbac27 -> 
  custom:video-decoder-webm-vp8: 9c59270c3fd7afecdb556c50c9e8de78 -> 
  custom:audio-decoder-ogg-vorbis: bf7c407c2cedff20999df2af8eb42d56 -> 
========================================================================
Received Import Request.
  Time since last request: 9859.286782 seconds.
  path: Assets/Prefabs/Boundaries.prefab
  artifactKey: Guid(ab79db389e8158c4aaac517b2d261168) Importer(815301076,1909f56bfc062723c751e8b465ee728b)
Start importing Assets/Prefabs/Boundaries.prefab using Guid(ab79db389e8158c4aaac517b2d261168) Importer(815301076,1909f56bfc062723c751e8b465ee728b)  -> (artifact id: '23a20ac37409e350f3babd5b500acde6') in 0.144998 seconds 
========================================================================
Received Import Request.
  Time since last request: 1.085834 seconds.
  path: Assets/Prefabs/Diamond.prefab
  artifactKey: Guid(fb87253cdd175e04c95d426fc8cba84a) Importer(815301076,1909f56bfc062723c751e8b465ee728b)
Start importing Assets/Prefabs/Diamond.prefab using Guid(fb87253cdd175e04c95d426fc8cba84a) Importer(815301076,1909f56bfc062723c751e8b465ee728b)  -> (artifact id: '57ee3314a3721b59828bb7fafc50c56e') in 0.013048 seconds 
========================================================================
Received Import Request.
  Time since last request: 0.000050 seconds.
  path: Assets/Prefabs/Platform_Blue.prefab
  artifactKey: Guid(adbc9457b37008e4d98441487da417b8) Importer(815301076,1909f56bfc062723c751e8b465ee728b)
Start importing Assets/Prefabs/Platform_Blue.prefab using Guid(adbc9457b37008e4d98441487da417b8) Importer(815301076,1909f56bfc062723c751e8b465ee728b)  -> (artifact id: '071b3c5893a53bfbd30a0149eafb36ea') in 0.015305 seconds 
========================================================================
Received Import Request.
  Time since last request: 0.000019 seconds.
  path: Assets/Prefabs/Platform_Outline.prefab
  artifactKey: Guid(20df24739aae5bc489900d357f555d83) Importer(815301076,1909f56bfc062723c751e8b465ee728b)
Start importing Assets/Prefabs/Platform_Outline.prefab using Guid(20df24739aae5bc489900d357f555d83) Importer(815301076,1909f56bfc062723c751e8b465ee728b)  -> (artifact id: '63c67d23d130869011ee3b37ae45f997') in 0.011264 seconds 
========================================================================
Received Import Request.
  Time since last request: 0.000018 seconds.
  path: Assets/Prefabs/Platform_Pink (1).prefab
  artifactKey: Guid(8b4501cbe9ee91f42b99a13e675cd0e8) Importer(815301076,1909f56bfc062723c751e8b465ee728b)
Start importing Assets/Prefabs/Platform_Pink (1).prefab using Guid(8b4501cbe9ee91f42b99a13e675cd0e8) Importer(815301076,1909f56bfc062723c751e8b465ee728b)  -> (artifact id: '7bb7d2ae0b838ab5990d915489fb7c0c') in 0.006989 seconds 
========================================================================
Received Import Request.
  Time since last request: 0.000018 seconds.
  path: Assets/Prefabs/Platform_Pink.prefab
  artifactKey: Guid(6fbfb4b11ec5ac841811cdde44571261) Importer(815301076,1909f56bfc062723c751e8b465ee728b)
Start importing Assets/Prefabs/Platform_Pink.prefab using Guid(6fbfb4b11ec5ac841811cdde44571261) Importer(815301076,1909f56bfc062723c751e8b465ee728b)  -> (artifact id: '15c44fc00183f1a052f1f94800e16269') in 0.349183 seconds 
========================================================================
Received Import Request.
  Time since last request: 0.000017 seconds.
  path: Assets/Prefabs/Platform_Pink_Wide.prefab
  artifactKey: Guid(da07c286ccb7a9a428f4b9f43ecfca20) Importer(815301076,1909f56bfc062723c751e8b465ee728b)
Start importing Assets/Prefabs/Platform_Pink_Wide.prefab using Guid(da07c286ccb7a9a428f4b9f43ecfca20) Importer(815301076,1909f56bfc062723c751e8b465ee728b)  -> (artifact id: '61b55b2cb4782f01ffe3e15ac2838f25') in 0.006694 seconds 
========================================================================
Received Import Request.
  Time since last request: 0.000033 seconds.
  path: Assets/Prefabs/Platform_Uncolored_Wide.prefab
  artifactKey: Guid(69957ec9e0e4eec4abf2a8b660fbe185) Importer(815301076,1909f56bfc062723c751e8b465ee728b)
Start importing Assets/Prefabs/Platform_Uncolored_Wide.prefab using Guid(69957ec9e0e4eec4abf2a8b660fbe185) Importer(815301076,1909f56bfc062723c751e8b465ee728b)  -> (artifact id: '5648f4e617b8fe4d1ea5cd11b1701abe') in 0.006967 seconds 
========================================================================
Received Import Request.
  Time since last request: 0.000021 seconds.
  path: Assets/Prefabs/Platform_Vertical_Pink.prefab
  artifactKey: Guid(b1b3f35aaf156a5458cee914c9b3ab6f) Importer(815301076,1909f56bfc062723c751e8b465ee728b)
Start importing Assets/Prefabs/Platform_Vertical_Pink.prefab using Guid(b1b3f35aaf156a5458cee914c9b3ab6f) Importer(815301076,1909f56bfc062723c751e8b465ee728b)  -> (artifact id: 'a42cb878e99b02c783427955bd305150') in 0.049692 seconds 
========================================================================
Received Import Request.
  Time since last request: 0.023788 seconds.
  path: Assets/Prefabs/Platform_Vertical_Wood.prefab
  artifactKey: Guid(82538237dfdaae6418fcf9934bcf8f07) Importer(815301076,1909f56bfc062723c751e8b465ee728b)
Start importing Assets/Prefabs/Platform_Vertical_Wood.prefab using Guid(82538237dfdaae6418fcf9934bcf8f07) Importer(815301076,1909f56bfc062723c751e8b465ee728b)  -> (artifact id: '5e72ffd7b042de2189c6c4b33a665fbd') in 0.085663 seconds 
========================================================================
Received Import Request.
  Time since last request: 0.000019 seconds.
  path: Assets/Prefabs/Platform_Wood_Wide.prefab
  artifactKey: Guid(369bbba4c69715a4abecbb02a3a8c75a) Importer(815301076,1909f56bfc062723c751e8b465ee728b)
Start importing Assets/Prefabs/Platform_Wood_Wide.prefab using Guid(369bbba4c69715a4abecbb02a3a8c75a) Importer(815301076,1909f56bfc062723c751e8b465ee728b)  -> (artifact id: 'b5d80a8c35d12a160e1fa8f09f5f93a0') in 0.011552 seconds 
========================================================================
Received Import Request.
  Time since last request: 1.178406 seconds.
  path: Assets/Prefabs/Rock.prefab
  artifactKey: Guid(76714ddff6b8d004ba3728b54a1f3a99) Importer(815301076,1909f56bfc062723c751e8b465ee728b)
Start importing Assets/Prefabs/Rock.prefab using Guid(76714ddff6b8d004ba3728b54a1f3a99) Importer(815301076,1909f56bfc062723c751e8b465ee728b)  -> (artifact id: 'bfac6a3af642566de3e6076a8735c13d') in 0.010146 seconds 
========================================================================
Received Import Request.
  Time since last request: 0.000060 seconds.
  path: Assets/Prefabs/Stone.prefab
  artifactKey: Guid(8310d3cc52bae3e4f925cece86260402) Importer(815301076,1909f56bfc062723c751e8b465ee728b)
Start importing Assets/Prefabs/Stone.prefab using Guid(8310d3cc52bae3e4f925cece86260402) Importer(815301076,1909f56bfc062723c751e8b465ee728b)  -> (artifact id: 'e742cf85453238d6dcab921ea1e20c7e') in 0.010456 seconds 
========================================================================
Received Import Request.
  Time since last request: 0.000034 seconds.
  path: Assets/Prefabs/Player.prefab
  artifactKey: Guid(0a09e9175d628134b808717b9985a201) Importer(815301076,1909f56bfc062723c751e8b465ee728b)
Start importing Assets/Prefabs/Player.prefab using Guid(0a09e9175d628134b808717b9985a201) Importer(815301076,1909f56bfc062723c751e8b465ee728b)  -> (artifact id: '091dd50917a35e13fc0fa1f489e61098') in 0.041285 seconds 
========================================================================
Received Import Request.
  Time since last request: 37.145432 seconds.
  path: Assets/TextMesh Pro/Examples & Extras/Prefabs/TextMeshPro - Prefab 2.prefab
  artifactKey: Guid(fdad9d952ae84cafb74c63f2e694d042) Importer(815301076,1909f56bfc062723c751e8b465ee728b)
Start importing Assets/TextMesh Pro/Examples & Extras/Prefabs/TextMeshPro - Prefab 2.prefab using Guid(fdad9d952ae84cafb74c63f2e694d042) Importer(815301076,1909f56bfc062723c751e8b465ee728b)  -> (artifact id: '9a3d3152cfc7fb9a1777718d36dbae7b') in 0.064562 seconds 
Editor requested this worker to shutdown with reason: Scaling down because of idle timeout
AssetImportWorker is now disconnected from the server
Process exiting
Exiting without the bug reporter. Application will terminate with return code 0