Using pre-set license
Built from '2021.3/evg/staging/82bb020e-b03b1330/draft-0' branch; Version is '2021.3.16f1 (4016570cf34f) revision 4200023'; Using compiler version '192829333'; Build Type 'Release'
OS: 'Windows 11  (10.0.22621) 64bit ProfessionalWorkstation' Language: 'en' Physical Memory: 16225 MB
BatchMode: 1, IsHumanControllingUs: 0, StartBugReporterOnCrash: 0, Is64bit: 1, IsPro: 1

COMMAND LINE ARGUMENTS:
D:\Unity 2021.3.16f1\Editor\Unity.exe
-adb2
-batchMode
-noUpm
-name
AssetImportWorker12
-projectPath
D:/Unity Projects/Grappler Project updated/Project Git/Grappler-Project
-logFile
Logs/AssetImportWorker12.log
-srvPort
61873
Successfully changed project path to: D:/Unity Projects/Grappler Project updated/Project Git/Grappler-Project
D:/Unity Projects/Grappler Project updated/Project Git/Grappler-Project
[UnityMemory] Configuration Parameters - Can be set up in boot.config
    "memorysetup-bucket-allocator-granularity=16"
    "memorysetup-bucket-allocator-bucket-count=8"
    "memorysetup-bucket-allocator-block-size=33554432"
    "memorysetup-bucket-allocator-block-count=8"
    "memorysetup-main-allocator-block-size=16777216"
    "memorysetup-thread-allocator-block-size=16777216"
    "memorysetup-gfx-main-allocator-block-size=16777216"
    "memorysetup-gfx-thread-allocator-block-size=16777216"
    "memorysetup-cache-allocator-block-size=4194304"
    "memorysetup-typetree-allocator-block-size=2097152"
    "memorysetup-profiler-bucket-allocator-granularity=16"
    "memorysetup-profiler-bucket-allocator-bucket-count=8"
    "memorysetup-profiler-bucket-allocator-block-size=33554432"
    "memorysetup-profiler-bucket-allocator-block-count=8"
    "memorysetup-profiler-allocator-block-size=16777216"
    "memorysetup-profiler-editor-allocator-block-size=1048576"
    "memorysetup-temp-allocator-size-main=16777216"
    "memorysetup-job-temp-allocator-block-size=2097152"
    "memorysetup-job-temp-allocator-block-size-background=1048576"
    "memorysetup-job-temp-allocator-reduction-small-platforms=262144"
    "memorysetup-temp-allocator-size-background-worker=32768"
    "memorysetup-temp-allocator-size-job-worker=262144"
    "memorysetup-temp-allocator-size-preload-manager=33554432"
    "memorysetup-temp-allocator-size-nav-mesh-worker=65536"
    "memorysetup-temp-allocator-size-audio-worker=65536"
    "memorysetup-temp-allocator-size-cloud-worker=32768"
    "memorysetup-temp-allocator-size-gi-baking-worker=262144"
    "memorysetup-temp-allocator-size-gfx=262144"
Player connection [28544] Host "[IP] 192.168.50.17 [Port] 0 [Flags] 2 [Guid] 2135664230 [EditorId] 2135664230 [Version] 1048832 [Id] WindowsEditor(7,Anoush-PC) [Debug] 1 [PackageName] WindowsEditor [ProjectName] Editor" joined multi-casting on [225.0.0.222:54997]...

Player connection [28544] Host "[IP] 192.168.50.17 [Port] 0 [Flags] 2 [Guid] 2135664230 [EditorId] 2135664230 [Version] 1048832 [Id] WindowsEditor(7,Anoush-PC) [Debug] 1 [PackageName] WindowsEditor [ProjectName] Editor" joined alternative multi-casting on [225.0.0.222:34997]...

Refreshing native plugins compatible for Editor in 78.80 ms, found 4 plugins.
Preloading 0 native plugins for Editor in 0.00 ms.
Initialize engine version: 2021.3.16f1 (4016570cf34f)
[Subsystems] Discovering subsystems at path D:/Unity 2021.3.16f1/Editor/Data/Resources/UnitySubsystems
[Subsystems] Discovering subsystems at path D:/Unity Projects/Grappler Project updated/Project Git/Grappler-Project/Assets
GfxDevice: creating device client; threaded=0; jobified=0
Direct3D:
    Version:  Direct3D 11.0 [level 11.1]
    Renderer: NVIDIA GeForce RTX 3060 (ID=0x2504)
    Vendor:   NVIDIA
    VRAM:     12129 MB
    Driver:   31.0.15.3640
Initialize mono
Mono path[0] = 'D:/Unity 2021.3.16f1/Editor/Data/Managed'
Mono path[1] = 'D:/Unity 2021.3.16f1/Editor/Data/MonoBleedingEdge/lib/mono/unityjit-win32'
Mono config path = 'D:/Unity 2021.3.16f1/Editor/Data/MonoBleedingEdge/etc'
Using monoOptions --debugger-agent=transport=dt_socket,embedding=1,server=y,suspend=n,address=127.0.0.1:56020
Begin MonoManager ReloadAssembly
Registering precompiled unity dll's ...
Register platform support module: D:/Unity 2021.3.16f1/Editor/Data/PlaybackEngines/AndroidPlayer/UnityEditor.Android.Extensions.dll
Register platform support module: D:/Unity 2021.3.16f1/Editor/Data/PlaybackEngines/WindowsStandaloneSupport/UnityEditor.WindowsStandalone.Extensions.dll
Registered in 0.002043 seconds.
Native extension for WindowsStandalone target not found
Native extension for Android target not found
Refreshing native plugins compatible for Editor in 103.75 ms, found 4 plugins.
Preloading 0 native plugins for Editor in 0.00 ms.
Mono: successfully reloaded assembly
- Completed reload, in  0.500 seconds
Domain Reload Profiling:
	ReloadAssembly (500ms)
		BeginReloadAssembly (57ms)
			ExecutionOrderSort (0ms)
			DisableScriptedObjects (0ms)
			BackupInstance (0ms)
			ReleaseScriptingObjects (0ms)
			CreateAndSetChildDomain (1ms)
		EndReloadAssembly (374ms)
			LoadAssemblies (57ms)
			RebuildTransferFunctionScriptingTraits (0ms)
			SetupTypeCache (71ms)
			ReleaseScriptCaches (0ms)
			RebuildScriptCaches (19ms)
			SetupLoadedEditorAssemblies (251ms)
				LogAssemblyErrors (0ms)
				InitializePlatformSupportModulesInManaged (32ms)
				SetLoadedEditorAssemblies (0ms)
				RefreshPlugins (104ms)
				BeforeProcessingInitializeOnLoad (1ms)
				ProcessInitializeOnLoadAttributes (84ms)
				ProcessInitializeOnLoadMethodAttributes (30ms)
				AfterProcessingInitializeOnLoad (0ms)
				EditorAssembliesLoaded (0ms)
			ExecutionOrderSort2 (0ms)
			AwakeInstancesAfterBackupRestoration (0ms)
Platform modules already initialized, skipping
Registering precompiled user dll's ...
Registered in 0.003792 seconds.
Begin MonoManager ReloadAssembly
Symbol file LoadedFromMemory doesn't match image D:\Unity Projects\Grappler Project updated\Project Git\Grappler-Project\Library\PackageCache\com.unity.visualscripting@1.7.8\Editor\VisualScripting.Core\Dependencies\YamlDotNet\Unity.VisualScripting.YamlDotNet.dll
Symbol file LoadedFromMemory doesn't match image D:\Unity Projects\Grappler Project updated\Project Git\Grappler-Project\Library\PackageCache\com.unity.visualscripting@1.7.8\Editor\VisualScripting.Core\Dependencies\DotNetZip\Unity.VisualScripting.IonicZip.dll
Native extension for WindowsStandalone target not found
Native extension for Android target not found
Refreshing native plugins compatible for Editor in 82.20 ms, found 4 plugins.
Preloading 0 native plugins for Editor in 0.00 ms.
Mono: successfully reloaded assembly
- Completed reload, in  1.087 seconds
Domain Reload Profiling:
	ReloadAssembly (1087ms)
		BeginReloadAssembly (123ms)
			ExecutionOrderSort (0ms)
			DisableScriptedObjects (5ms)
			BackupInstance (0ms)
			ReleaseScriptingObjects (0ms)
			CreateAndSetChildDomain (27ms)
		EndReloadAssembly (884ms)
			LoadAssemblies (96ms)
			RebuildTransferFunctionScriptingTraits (0ms)
			SetupTypeCache (191ms)
			ReleaseScriptCaches (1ms)
			RebuildScriptCaches (47ms)
			SetupLoadedEditorAssemblies (544ms)
				LogAssemblyErrors (0ms)
				InitializePlatformSupportModulesInManaged (7ms)
				SetLoadedEditorAssemblies (0ms)
				RefreshPlugins (82ms)
				BeforeProcessingInitializeOnLoad (70ms)
				ProcessInitializeOnLoadAttributes (327ms)
				ProcessInitializeOnLoadMethodAttributes (56ms)
				AfterProcessingInitializeOnLoad (1ms)
				EditorAssembliesLoaded (0ms)
			ExecutionOrderSort2 (0ms)
			AwakeInstancesAfterBackupRestoration (4ms)
Platform modules already initialized, skipping
========================================================================
Worker process is ready to serve import requests
Launched and connected shader compiler UnityShaderCompiler.exe after 0.04 seconds
Refreshing native plugins compatible for Editor in 0.75 ms, found 4 plugins.
Preloading 0 native plugins for Editor in 0.00 ms.
Unloading 5530 Unused Serialized files (Serialized files now loaded: 0)
Unloading 48 unused Assets / (0.8 MB). Loaded Objects now: 5996.
Memory consumption went from 226.7 MB to 225.8 MB.
Total: 3.578900 ms (FindLiveObjects: 0.318600 ms CreateObjectMapping: 0.214700 ms MarkObjects: 2.750000 ms  DeleteObjects: 0.294800 ms)

AssetImportParameters requested are different than current active one (requested -> active):
  custom:video-decoder-ogg-theora: a1e56fd34408186e4bbccfd4996cb3dc -> 
  custom:container-muxer-webm: aa71ff27fc2769a1b78a27578f13a17b -> 
  custom:container-demuxer-webm: 4f35f7cbe854078d1ac9338744f61a02 -> 
  custom:video-encoder-webm-vp8: eb34c28f22e8b96e1ab97ce403110664 -> 
  custom:video-codec-MediaFoundation-h265: 746d11721c4dcdbdad8f713fa42b33f4 -> 
  custom:audio-encoder-webm-vorbis: bf7c407c2cedff20999df2af8eb42d56 -> 
  custom:framework-win-MediaFoundation: 216162199b28c13a410421893ffa2e32 -> 
  custom:container-demuxer-ogg: 62fdf1f143b41e24485cea50d1cbac27 -> 
  custom:video-decoder-webm-vp8: 9c59270c3fd7afecdb556c50c9e8de78 -> 
  custom:audio-decoder-ogg-vorbis: bf7c407c2cedff20999df2af8eb42d56 -> 
========================================================================
Received Import Request.
  Time since last request: 23563.278441 seconds.
  path: Assets/Brackeys/2D Mega Pack/Enemies/Insects/GiantBeetle.png
  artifactKey: Guid(dfe2da12be5f5994286f281b2cde6656) Importer(815301076,1909f56bfc062723c751e8b465ee728b)
Start importing Assets/Brackeys/2D Mega Pack/Enemies/Insects/GiantBeetle.png using Guid(dfe2da12be5f5994286f281b2cde6656) Importer(815301076,1909f56bfc062723c751e8b465ee728b)  -> (artifact id: '671414dc2edf9c4766505dd9a06e3cc5') in 0.121304 seconds 
========================================================================
Received Import Request.
  Time since last request: 20.192139 seconds.
  path: Assets/Brackeys/2D Mega Pack/Environment/DungeonFrame2.png
  artifactKey: Guid(647450ba17135774fb5972a3c1eb9325) Importer(815301076,1909f56bfc062723c751e8b465ee728b)
Start importing Assets/Brackeys/2D Mega Pack/Environment/DungeonFrame2.png using Guid(647450ba17135774fb5972a3c1eb9325) Importer(815301076,1909f56bfc062723c751e8b465ee728b)  -> (artifact id: '95f7f75a7d11aa7b3d9d18b26d0877ea') in 0.096731 seconds 
========================================================================
Received Import Request.
  Time since last request: 3.143179 seconds.
  path: Assets/Brackeys/2D Mega Pack/Environment/Farming/Dirt_Left.png
  artifactKey: Guid(4b3d667bcfe137e4bac8ca33c38cf267) Importer(815301076,1909f56bfc062723c751e8b465ee728b)
Start importing Assets/Brackeys/2D Mega Pack/Environment/Farming/Dirt_Left.png using Guid(4b3d667bcfe137e4bac8ca33c38cf267) Importer(815301076,1909f56bfc062723c751e8b465ee728b)  -> (artifact id: '37cd88f87c9625123dada073df435220') in 0.077373 seconds 
========================================================================
Received Import Request.
  Time since last request: 0.503132 seconds.
  path: Assets/Brackeys/2D Mega Pack/Environment/Farming/Dirt_Right.png
  artifactKey: Guid(aafb3849bd0e80a4e959432aa5cab520) Importer(815301076,1909f56bfc062723c751e8b465ee728b)
Start importing Assets/Brackeys/2D Mega Pack/Environment/Farming/Dirt_Right.png using Guid(aafb3849bd0e80a4e959432aa5cab520) Importer(815301076,1909f56bfc062723c751e8b465ee728b)  -> (artifact id: 'a3ec592509126859d8e1245552c131ef') in 0.069783 seconds 
========================================================================
Received Import Request.
  Time since last request: 0.000031 seconds.
  path: Assets/Brackeys/2D Mega Pack/Environment/Farming/ExtraDirt.png
  artifactKey: Guid(a4161b0fe09bab648a1434c7734d3b9a) Importer(815301076,1909f56bfc062723c751e8b465ee728b)
Start importing Assets/Brackeys/2D Mega Pack/Environment/Farming/ExtraDirt.png using Guid(a4161b0fe09bab648a1434c7734d3b9a) Importer(815301076,1909f56bfc062723c751e8b465ee728b)  -> (artifact id: 'def4a7f700536bc8759e465653734496') in 0.043356 seconds 
========================================================================
Received Import Request.
  Time since last request: 8.438707 seconds.
  path: Assets/Brackeys/2D Mega Pack/Environment/Gothic/Door_NoGround.png
  artifactKey: Guid(b6afdeef3687315428a6482abfcd0ad7) Importer(815301076,1909f56bfc062723c751e8b465ee728b)
Start importing Assets/Brackeys/2D Mega Pack/Environment/Gothic/Door_NoGround.png using Guid(b6afdeef3687315428a6482abfcd0ad7) Importer(815301076,1909f56bfc062723c751e8b465ee728b)  -> (artifact id: '05ec047a97f473136083e743d536e664') in 0.064869 seconds 
========================================================================
Received Import Request.
  Time since last request: 0.519840 seconds.
  path: Assets/Brackeys/2D Mega Pack/Environment/Gothic/Pentagram.png
  artifactKey: Guid(e828181400a5c9e4a8a1be3357344d23) Importer(815301076,1909f56bfc062723c751e8b465ee728b)
Start importing Assets/Brackeys/2D Mega Pack/Environment/Gothic/Pentagram.png using Guid(e828181400a5c9e4a8a1be3357344d23) Importer(815301076,1909f56bfc062723c751e8b465ee728b)  -> (artifact id: '2616039e041a259f03a20ac93fe453b5') in 0.063206 seconds 
========================================================================
Received Import Request.
  Time since last request: 1.247360 seconds.
  path: Assets/Brackeys/2D Mega Pack/Environment/Gold Miner/Ground.png
  artifactKey: Guid(1c23752ab2123c948bcd42232b8bfd16) Importer(815301076,1909f56bfc062723c751e8b465ee728b)
Start importing Assets/Brackeys/2D Mega Pack/Environment/Gold Miner/Ground.png using Guid(1c23752ab2123c948bcd42232b8bfd16) Importer(815301076,1909f56bfc062723c751e8b465ee728b)  -> (artifact id: 'af3e6383da967d80e2bfcc5814f179f2') in 0.089432 seconds 
========================================================================
Received Import Request.
  Time since last request: 6.263146 seconds.
  path: Assets/Brackeys/2D Mega Pack/Environment/Grungy/Car.png
  artifactKey: Guid(e3aef1a80b4be2c4bbb9f135394fc9f4) Importer(815301076,1909f56bfc062723c751e8b465ee728b)
Start importing Assets/Brackeys/2D Mega Pack/Environment/Grungy/Car.png using Guid(e3aef1a80b4be2c4bbb9f135394fc9f4) Importer(815301076,1909f56bfc062723c751e8b465ee728b)  -> (artifact id: 'd9307b9c20eed42c74e701a0dbb929ea') in 0.057627 seconds 
========================================================================
Received Import Request.
  Time since last request: 1.245484 seconds.
  path: Assets/Brackeys/2D Mega Pack/Environment/Stick Figure-like/Ground&Sky.png
  artifactKey: Guid(e9b385355511d7a458cae8d8e592ed23) Importer(815301076,1909f56bfc062723c751e8b465ee728b)
Start importing Assets/Brackeys/2D Mega Pack/Environment/Stick Figure-like/Ground&Sky.png using Guid(e9b385355511d7a458cae8d8e592ed23) Importer(815301076,1909f56bfc062723c751e8b465ee728b)  -> (artifact id: 'abd90ed41a07e645f9ba623a4357e993') in 0.318756 seconds 
========================================================================
Received Import Request.
  Time since last request: 0.623265 seconds.
  path: Assets/Brackeys/2D Mega Pack/Environment/Tiles/GroundTile.png
  artifactKey: Guid(6b558f4b6b6cf9447a39de0812a0a3cf) Importer(815301076,1909f56bfc062723c751e8b465ee728b)
Start importing Assets/Brackeys/2D Mega Pack/Environment/Tiles/GroundTile.png using Guid(6b558f4b6b6cf9447a39de0812a0a3cf) Importer(815301076,1909f56bfc062723c751e8b465ee728b)  -> (artifact id: '4e458f972240ab64dfadc18aded56735') in 0.135770 seconds 
========================================================================
Received Import Request.
  Time since last request: 6.198315 seconds.
  path: Assets/Brackeys/2D Mega Pack/Items & Icons/Arcade/BlueDoor.png
  artifactKey: Guid(d532d529a5217894eae5df878c0c4fe0) Importer(815301076,1909f56bfc062723c751e8b465ee728b)
Start importing Assets/Brackeys/2D Mega Pack/Items & Icons/Arcade/BlueDoor.png using Guid(d532d529a5217894eae5df878c0c4fe0) Importer(815301076,1909f56bfc062723c751e8b465ee728b)  -> (artifact id: 'ea214926a06176f52f4e7176dbc49ed2') in 0.081113 seconds 
========================================================================
Received Import Request.
  Time since last request: 0.000045 seconds.
  path: Assets/Brackeys/2D Mega Pack/Items & Icons/Arcade/Spawn.png
  artifactKey: Guid(d5983714f6e6d7240a55fc92c9d26e26) Importer(815301076,1909f56bfc062723c751e8b465ee728b)
Start importing Assets/Brackeys/2D Mega Pack/Items & Icons/Arcade/Spawn.png using Guid(d5983714f6e6d7240a55fc92c9d26e26) Importer(815301076,1909f56bfc062723c751e8b465ee728b)  -> (artifact id: 'b74e364c508aed7d66af23ab117471c8') in 0.116413 seconds 
========================================================================
Received Import Request.
  Time since last request: 1.707479 seconds.
  path: Assets/Brackeys/2D Mega Pack/Items & Icons/Cute/Crate.png
  artifactKey: Guid(68a41ff097730fb45a9b2adce184a79d) Importer(815301076,1909f56bfc062723c751e8b465ee728b)
Start importing Assets/Brackeys/2D Mega Pack/Items & Icons/Cute/Crate.png using Guid(68a41ff097730fb45a9b2adce184a79d) Importer(815301076,1909f56bfc062723c751e8b465ee728b)  -> (artifact id: 'e64d16727b43b3bc368bbc4280bb6500') in 0.011018 seconds 
========================================================================
Received Import Request.
  Time since last request: 0.779500 seconds.
  path: Assets/Brackeys/2D Mega Pack/Items & Icons/Gold Miner/Gold01.png
  artifactKey: Guid(87850260d0f08224e887e1c55590c081) Importer(815301076,1909f56bfc062723c751e8b465ee728b)
Start importing Assets/Brackeys/2D Mega Pack/Items & Icons/Gold Miner/Gold01.png using Guid(87850260d0f08224e887e1c55590c081) Importer(815301076,1909f56bfc062723c751e8b465ee728b)  -> (artifact id: '1e7e1d4bfbce754f46f6a1409fdf2604') in 0.090662 seconds 
Editor requested this worker to shutdown with reason: Scaling down because of idle timeout
AssetImportWorker is now disconnected from the server
Process exiting
Exiting without the bug reporter. Application will terminate with return code 0