Using pre-set license
Built from '2021.3/evg/staging/82bb020e-b03b1330/draft-0' branch; Version is '2021.3.16f1 (4016570cf34f) revision 4200023'; Using compiler version '192829333'; Build Type 'Release'
OS: 'Windows 11  (10.0.22621) 64bit ProfessionalWorkstation' Language: 'en' Physical Memory: 16225 MB
BatchMode: 1, IsHumanControllingUs: 0, StartBugReporterOnCrash: 0, Is64bit: 1, IsPro: 1

COMMAND LINE ARGUMENTS:
D:\Unity 2021.3.16f1\Editor\Unity.exe
-adb2
-batchMode
-noUpm
-name
AssetImportWorker7
-projectPath
D:/Unity Projects/Grappler Project updated/Project Git/Grappler-Project
-logFile
Logs/AssetImportWorker7.log
-srvPort
55798
Successfully changed project path to: D:/Unity Projects/Grappler Project updated/Project Git/Grappler-Project
D:/Unity Projects/Grappler Project updated/Project Git/Grappler-Project
[UnityMemory] Configuration Parameters - Can be set up in boot.config
    "memorysetup-bucket-allocator-granularity=16"
    "memorysetup-bucket-allocator-bucket-count=8"
    "memorysetup-bucket-allocator-block-size=33554432"
    "memorysetup-bucket-allocator-block-count=8"
    "memorysetup-main-allocator-block-size=16777216"
    "memorysetup-thread-allocator-block-size=16777216"
    "memorysetup-gfx-main-allocator-block-size=16777216"
    "memorysetup-gfx-thread-allocator-block-size=16777216"
    "memorysetup-cache-allocator-block-size=4194304"
    "memorysetup-typetree-allocator-block-size=2097152"
    "memorysetup-profiler-bucket-allocator-granularity=16"
    "memorysetup-profiler-bucket-allocator-bucket-count=8"
    "memorysetup-profiler-bucket-allocator-block-size=33554432"
    "memorysetup-profiler-bucket-allocator-block-count=8"
    "memorysetup-profiler-allocator-block-size=16777216"
    "memorysetup-profiler-editor-allocator-block-size=1048576"
    "memorysetup-temp-allocator-size-main=16777216"
    "memorysetup-job-temp-allocator-block-size=2097152"
    "memorysetup-job-temp-allocator-block-size-background=1048576"
    "memorysetup-job-temp-allocator-reduction-small-platforms=262144"
    "memorysetup-temp-allocator-size-background-worker=32768"
    "memorysetup-temp-allocator-size-job-worker=262144"
    "memorysetup-temp-allocator-size-preload-manager=33554432"
    "memorysetup-temp-allocator-size-nav-mesh-worker=65536"
    "memorysetup-temp-allocator-size-audio-worker=65536"
    "memorysetup-temp-allocator-size-cloud-worker=32768"
    "memorysetup-temp-allocator-size-gi-baking-worker=262144"
    "memorysetup-temp-allocator-size-gfx=262144"
Player connection [14548] Host "[IP] 192.168.50.17 [Port] 0 [Flags] 2 [Guid] 1227394738 [EditorId] 1227394738 [Version] 1048832 [Id] WindowsEditor(7,Anoush-PC) [Debug] 1 [PackageName] WindowsEditor [ProjectName] Editor" joined multi-casting on [225.0.0.222:54997]...

Player connection [14548] Host "[IP] 192.168.50.17 [Port] 0 [Flags] 2 [Guid] 1227394738 [EditorId] 1227394738 [Version] 1048832 [Id] WindowsEditor(7,Anoush-PC) [Debug] 1 [PackageName] WindowsEditor [ProjectName] Editor" joined alternative multi-casting on [225.0.0.222:34997]...

Refreshing native plugins compatible for Editor in 110.57 ms, found 4 plugins.
Preloading 0 native plugins for Editor in 0.00 ms.
Initialize engine version: 2021.3.16f1 (4016570cf34f)
[Subsystems] Discovering subsystems at path D:/Unity 2021.3.16f1/Editor/Data/Resources/UnitySubsystems
[Subsystems] Discovering subsystems at path D:/Unity Projects/Grappler Project updated/Project Git/Grappler-Project/Assets
GfxDevice: creating device client; threaded=0; jobified=0
Direct3D:
    Version:  Direct3D 11.0 [level 11.1]
    Renderer: NVIDIA GeForce RTX 3060 (ID=0x2504)
    Vendor:   NVIDIA
    VRAM:     12129 MB
    Driver:   31.0.15.3640
Initialize mono
Mono path[0] = 'D:/Unity 2021.3.16f1/Editor/Data/Managed'
Mono path[1] = 'D:/Unity 2021.3.16f1/Editor/Data/MonoBleedingEdge/lib/mono/unityjit-win32'
Mono config path = 'D:/Unity 2021.3.16f1/Editor/Data/MonoBleedingEdge/etc'
Using monoOptions --debugger-agent=transport=dt_socket,embedding=1,server=y,suspend=n,address=127.0.0.1:56660
Begin MonoManager ReloadAssembly
Registering precompiled unity dll's ...
Register platform support module: D:/Unity 2021.3.16f1/Editor/Data/PlaybackEngines/AndroidPlayer/UnityEditor.Android.Extensions.dll
Register platform support module: D:/Unity 2021.3.16f1/Editor/Data/PlaybackEngines/WindowsStandaloneSupport/UnityEditor.WindowsStandalone.Extensions.dll
Registered in 0.001315 seconds.
Native extension for WindowsStandalone target not found
Native extension for Android target not found
Refreshing native plugins compatible for Editor in 84.79 ms, found 4 plugins.
Preloading 0 native plugins for Editor in 0.00 ms.
Mono: successfully reloaded assembly
- Completed reload, in  0.496 seconds
Domain Reload Profiling:
	ReloadAssembly (496ms)
		BeginReloadAssembly (56ms)
			ExecutionOrderSort (0ms)
			DisableScriptedObjects (0ms)
			BackupInstance (0ms)
			ReleaseScriptingObjects (0ms)
			CreateAndSetChildDomain (1ms)
		EndReloadAssembly (370ms)
			LoadAssemblies (57ms)
			RebuildTransferFunctionScriptingTraits (0ms)
			SetupTypeCache (79ms)
			ReleaseScriptCaches (0ms)
			RebuildScriptCaches (19ms)
			SetupLoadedEditorAssemblies (237ms)
				LogAssemblyErrors (0ms)
				InitializePlatformSupportModulesInManaged (29ms)
				SetLoadedEditorAssemblies (0ms)
				RefreshPlugins (85ms)
				BeforeProcessingInitializeOnLoad (1ms)
				ProcessInitializeOnLoadAttributes (81ms)
				ProcessInitializeOnLoadMethodAttributes (41ms)
				AfterProcessingInitializeOnLoad (0ms)
				EditorAssembliesLoaded (0ms)
			ExecutionOrderSort2 (0ms)
			AwakeInstancesAfterBackupRestoration (0ms)
Platform modules already initialized, skipping
Registering precompiled user dll's ...
Registered in 0.004571 seconds.
Begin MonoManager ReloadAssembly
Symbol file LoadedFromMemory doesn't match image D:\Unity Projects\Grappler Project updated\Project Git\Grappler-Project\Library\PackageCache\com.unity.visualscripting@1.7.8\Editor\VisualScripting.Core\Dependencies\YamlDotNet\Unity.VisualScripting.YamlDotNet.dll
Symbol file LoadedFromMemory doesn't match image D:\Unity Projects\Grappler Project updated\Project Git\Grappler-Project\Library\PackageCache\com.unity.visualscripting@1.7.8\Editor\VisualScripting.Core\Dependencies\DotNetZip\Unity.VisualScripting.IonicZip.dll
Native extension for WindowsStandalone target not found
Native extension for Android target not found
Refreshing native plugins compatible for Editor in 86.02 ms, found 4 plugins.
Preloading 0 native plugins for Editor in 0.00 ms.
Mono: successfully reloaded assembly
- Completed reload, in  1.196 seconds
Domain Reload Profiling:
	ReloadAssembly (1197ms)
		BeginReloadAssembly (126ms)
			ExecutionOrderSort (0ms)
			DisableScriptedObjects (7ms)
			BackupInstance (0ms)
			ReleaseScriptingObjects (0ms)
			CreateAndSetChildDomain (32ms)
		EndReloadAssembly (979ms)
			LoadAssemblies (96ms)
			RebuildTransferFunctionScriptingTraits (0ms)
			SetupTypeCache (268ms)
			ReleaseScriptCaches (1ms)
			RebuildScriptCaches (52ms)
			SetupLoadedEditorAssemblies (548ms)
				LogAssemblyErrors (0ms)
				InitializePlatformSupportModulesInManaged (9ms)
				SetLoadedEditorAssemblies (0ms)
				RefreshPlugins (86ms)
				BeforeProcessingInitializeOnLoad (76ms)
				ProcessInitializeOnLoadAttributes (312ms)
				ProcessInitializeOnLoadMethodAttributes (64ms)
				AfterProcessingInitializeOnLoad (1ms)
				EditorAssembliesLoaded (0ms)
			ExecutionOrderSort2 (0ms)
			AwakeInstancesAfterBackupRestoration (4ms)
Platform modules already initialized, skipping
========================================================================
Worker process is ready to serve import requests
Launched and connected shader compiler UnityShaderCompiler.exe after 0.06 seconds
Refreshing native plugins compatible for Editor in 1.67 ms, found 4 plugins.
Preloading 0 native plugins for Editor in 0.00 ms.
Unloading 5529 Unused Serialized files (Serialized files now loaded: 0)
Unloading 48 unused Assets / (0.8 MB). Loaded Objects now: 5995.
Memory consumption went from 226.6 MB to 225.8 MB.
Total: 4.710600 ms (FindLiveObjects: 0.400300 ms CreateObjectMapping: 0.257500 ms MarkObjects: 3.713200 ms  DeleteObjects: 0.337900 ms)

AssetImportParameters requested are different than current active one (requested -> active):
  custom:video-decoder-ogg-theora: a1e56fd34408186e4bbccfd4996cb3dc -> 
  custom:container-muxer-webm: aa71ff27fc2769a1b78a27578f13a17b -> 
  custom:container-demuxer-webm: 4f35f7cbe854078d1ac9338744f61a02 -> 
  custom:video-encoder-webm-vp8: eb34c28f22e8b96e1ab97ce403110664 -> 
  custom:video-codec-MediaFoundation-h265: 746d11721c4dcdbdad8f713fa42b33f4 -> 
  custom:audio-encoder-webm-vorbis: bf7c407c2cedff20999df2af8eb42d56 -> 
  custom:framework-win-MediaFoundation: 216162199b28c13a410421893ffa2e32 -> 
  custom:container-demuxer-ogg: 62fdf1f143b41e24485cea50d1cbac27 -> 
  custom:video-decoder-webm-vp8: 9c59270c3fd7afecdb556c50c9e8de78 -> 
  custom:audio-decoder-ogg-vorbis: bf7c407c2cedff20999df2af8eb42d56 -> 
========================================================================
Received Prepare
Registering precompiled user dll's ...
Registered in 0.003850 seconds.
Begin MonoManager ReloadAssembly
Symbol file LoadedFromMemory doesn't match image D:\Unity Projects\Grappler Project updated\Project Git\Grappler-Project\Library\PackageCache\com.unity.visualscripting@1.7.8\Editor\VisualScripting.Core\Dependencies\YamlDotNet\Unity.VisualScripting.YamlDotNet.dll
Symbol file LoadedFromMemory doesn't match image D:\Unity Projects\Grappler Project updated\Project Git\Grappler-Project\Library\PackageCache\com.unity.visualscripting@1.7.8\Editor\VisualScripting.Core\Dependencies\DotNetZip\Unity.VisualScripting.IonicZip.dll
Native extension for WindowsStandalone target not found
Native extension for Android target not found
Refreshing native plugins compatible for Editor in 0.95 ms, found 4 plugins.
Preloading 0 native plugins for Editor in 0.00 ms.
Mono: successfully reloaded assembly
- Completed reload, in  1.131 seconds
Domain Reload Profiling:
	ReloadAssembly (1132ms)
		BeginReloadAssembly (121ms)
			ExecutionOrderSort (0ms)
			DisableScriptedObjects (5ms)
			BackupInstance (0ms)
			ReleaseScriptingObjects (0ms)
			CreateAndSetChildDomain (42ms)
		EndReloadAssembly (947ms)
			LoadAssemblies (93ms)
			RebuildTransferFunctionScriptingTraits (0ms)
			SetupTypeCache (276ms)
			ReleaseScriptCaches (2ms)
			RebuildScriptCaches (49ms)
			SetupLoadedEditorAssemblies (492ms)
				LogAssemblyErrors (0ms)
				InitializePlatformSupportModulesInManaged (17ms)
				SetLoadedEditorAssemblies (0ms)
				RefreshPlugins (1ms)
				BeforeProcessingInitializeOnLoad (72ms)
				ProcessInitializeOnLoadAttributes (332ms)
				ProcessInitializeOnLoadMethodAttributes (67ms)
				AfterProcessingInitializeOnLoad (2ms)
				EditorAssembliesLoaded (0ms)
			ExecutionOrderSort2 (0ms)
			AwakeInstancesAfterBackupRestoration (8ms)
Platform modules already initialized, skipping
Refreshing native plugins compatible for Editor in 2.31 ms, found 4 plugins.
Preloading 0 native plugins for Editor in 0.00 ms.
Unloading 5440 Unused Serialized files (Serialized files now loaded: 0)
Unloading 35 unused Assets / (0.8 MB). Loaded Objects now: 5998.
Memory consumption went from 218.3 MB to 217.5 MB.
Total: 4.371100 ms (FindLiveObjects: 0.519500 ms CreateObjectMapping: 0.270600 ms MarkObjects: 3.253800 ms  DeleteObjects: 0.325600 ms)

AssetImportParameters requested are different than current active one (requested -> active):
  custom:video-decoder-ogg-theora: a1e56fd34408186e4bbccfd4996cb3dc -> 
  custom:container-muxer-webm: aa71ff27fc2769a1b78a27578f13a17b -> 
  custom:container-demuxer-webm: 4f35f7cbe854078d1ac9338744f61a02 -> 
  custom:video-encoder-webm-vp8: eb34c28f22e8b96e1ab97ce403110664 -> 
  custom:video-codec-MediaFoundation-h265: 746d11721c4dcdbdad8f713fa42b33f4 -> 
  custom:audio-encoder-webm-vorbis: bf7c407c2cedff20999df2af8eb42d56 -> 
  custom:framework-win-MediaFoundation: 216162199b28c13a410421893ffa2e32 -> 
  custom:container-demuxer-ogg: 62fdf1f143b41e24485cea50d1cbac27 -> 
  custom:video-decoder-webm-vp8: 9c59270c3fd7afecdb556c50c9e8de78 -> 
  custom:audio-decoder-ogg-vorbis: bf7c407c2cedff20999df2af8eb42d56 -> 
========================================================================
Received Import Request.
  Time since last request: 26501.819188 seconds.
  path: Assets/Brackeys/2D Mega Pack/Sounds/GruntVoice02.wav
  artifactKey: Guid(2b6e306f144fd2047ad36490140f8b85) Importer(815301076,1909f56bfc062723c751e8b465ee728b)
Start importing Assets/Brackeys/2D Mega Pack/Sounds/GruntVoice02.wav using Guid(2b6e306f144fd2047ad36490140f8b85) Importer(815301076,1909f56bfc062723c751e8b465ee728b)  -> (artifact id: 'fc5331b76f8ce166b0d2bbc7176ff9ca') in 0.125771 seconds 
========================================================================
Received Import Request.
  Time since last request: 0.453316 seconds.
  path: Assets/Brackeys/2D Mega Pack/Sounds/RespawnCountdown.wav
  artifactKey: Guid(33469e3f01006ba44bdcfb56b0e3e0b3) Importer(815301076,1909f56bfc062723c751e8b465ee728b)
Start importing Assets/Brackeys/2D Mega Pack/Sounds/RespawnCountdown.wav using Guid(33469e3f01006ba44bdcfb56b0e3e0b3) Importer(815301076,1909f56bfc062723c751e8b465ee728b)  -> (artifact id: '0ffd248bbc906c69cf5854565348aac2') in 0.039911 seconds 
========================================================================
Received Import Request.
  Time since last request: 0.000058 seconds.
  path: Assets/Brackeys/2D Mega Pack/Sounds/Shot.wav
  artifactKey: Guid(26e19616f6ba9f6469e9d3d6c38b23fe) Importer(815301076,1909f56bfc062723c751e8b465ee728b)
Start importing Assets/Brackeys/2D Mega Pack/Sounds/Shot.wav using Guid(26e19616f6ba9f6469e9d3d6c38b23fe) Importer(815301076,1909f56bfc062723c751e8b465ee728b)  -> (artifact id: 'fde42e94f75238797f50466f85b2796c') in 0.013432 seconds 
========================================================================
Received Import Request.
  Time since last request: 0.000038 seconds.
  path: Assets/Brackeys/2D Mega Pack/Sounds/Hit.wav
  artifactKey: Guid(87e2452fe2c754248926c9a9ab93a467) Importer(815301076,1909f56bfc062723c751e8b465ee728b)
Start importing Assets/Brackeys/2D Mega Pack/Sounds/Hit.wav using Guid(87e2452fe2c754248926c9a9ab93a467) Importer(815301076,1909f56bfc062723c751e8b465ee728b)  -> (artifact id: '1e7c7c648fb98fa059f8451861dfc0c4') in 0.089712 seconds 
========================================================================
Received Import Request.
  Time since last request: 0.549732 seconds.
  path: Assets/Brackeys/2D Mega Pack/UI/Arrow.png
  artifactKey: Guid(09c0ffabe50dba2449423f828d63133a) Importer(815301076,1909f56bfc062723c751e8b465ee728b)
Start importing Assets/Brackeys/2D Mega Pack/UI/Arrow.png using Guid(09c0ffabe50dba2449423f828d63133a) Importer(815301076,1909f56bfc062723c751e8b465ee728b)  -> (artifact id: '94bad67739e3e385813ae087155ab1fa') in 0.061074 seconds 
========================================================================
Received Import Request.
  Time since last request: 0.000058 seconds.
  path: Assets/Brackeys/2D Mega Pack/UI/SpeechBubble.png
  artifactKey: Guid(d6ee8f7c2389cd040972fd561db64d32) Importer(815301076,1909f56bfc062723c751e8b465ee728b)
Start importing Assets/Brackeys/2D Mega Pack/UI/SpeechBubble.png using Guid(d6ee8f7c2389cd040972fd561db64d32) Importer(815301076,1909f56bfc062723c751e8b465ee728b)  -> (artifact id: 'ca267944aebf24daf790d7cc53d83f9e') in 0.028618 seconds 
========================================================================
Received Import Request.
  Time since last request: 0.000059 seconds.
  path: Assets/Brackeys/2D Mega Pack/UI/Dialogue.png
  artifactKey: Guid(9b337a360b84fa9428fe7dbe7774012f) Importer(815301076,1909f56bfc062723c751e8b465ee728b)
Start importing Assets/Brackeys/2D Mega Pack/UI/Dialogue.png using Guid(9b337a360b84fa9428fe7dbe7774012f) Importer(815301076,1909f56bfc062723c751e8b465ee728b)  -> (artifact id: '6e5468a872a5128d4007f15be716cae1') in 0.022409 seconds 
========================================================================
Received Import Request.
  Time since last request: 0.000067 seconds.
  path: Assets/Brackeys/2D Mega Pack/UI/ItemFrame.png
  artifactKey: Guid(37b388a5217aba141900a0ac698315c5) Importer(815301076,1909f56bfc062723c751e8b465ee728b)
Start importing Assets/Brackeys/2D Mega Pack/UI/ItemFrame.png using Guid(37b388a5217aba141900a0ac698315c5) Importer(815301076,1909f56bfc062723c751e8b465ee728b)  -> (artifact id: '9bb3d1f1b1a98b2416d64b431f233592') in 0.026152 seconds 
========================================================================
Received Import Request.
  Time since last request: 2.870078 seconds.
  path: Assets/Brackeys/2D Mega Pack/UI/Cursors/Cursor_Shoot.png
  artifactKey: Guid(944eece0a3c26194d96c7c96dd48f94a) Importer(815301076,1909f56bfc062723c751e8b465ee728b)
Start importing Assets/Brackeys/2D Mega Pack/UI/Cursors/Cursor_Shoot.png using Guid(944eece0a3c26194d96c7c96dd48f94a) Importer(815301076,1909f56bfc062723c751e8b465ee728b)  -> (artifact id: '1ffdfabec20c64ba95364410cb4ced0b') in 0.031579 seconds 
========================================================================
Received Import Request.
  Time since last request: 2.873204 seconds.
  path: Assets/Brackeys/2D Mega Pack/Enemies/Crow.png
  artifactKey: Guid(7ed863ccbdc96f0438cc78a3c684e3e0) Importer(815301076,1909f56bfc062723c751e8b465ee728b)
Start importing Assets/Brackeys/2D Mega Pack/Enemies/Crow.png using Guid(7ed863ccbdc96f0438cc78a3c684e3e0) Importer(815301076,1909f56bfc062723c751e8b465ee728b)  -> (artifact id: '8797b1f1a68da242a6bdc6b4651ca636') in 0.054318 seconds 
========================================================================
Received Import Request.
  Time since last request: 47.899423 seconds.
  path: Assets/Brackeys/2D Mega Pack/Enemies/Gothic/GothicEnemy03.png
  artifactKey: Guid(d064385dfce29934793208022539c6cd) Importer(815301076,1909f56bfc062723c751e8b465ee728b)
Start importing Assets/Brackeys/2D Mega Pack/Enemies/Gothic/GothicEnemy03.png using Guid(d064385dfce29934793208022539c6cd) Importer(815301076,1909f56bfc062723c751e8b465ee728b)  -> (artifact id: '11a39c02bf58728ef279c73eaaba3ace') in 0.048453 seconds 
========================================================================
Received Import Request.
  Time since last request: 2.647120 seconds.
  path: Assets/Brackeys/2D Mega Pack/Effects/Muzzleflash2.png
  artifactKey: Guid(8dc86788c2b5b6f4c8c37280a947161a) Importer(815301076,1909f56bfc062723c751e8b465ee728b)
Start importing Assets/Brackeys/2D Mega Pack/Effects/Muzzleflash2.png using Guid(8dc86788c2b5b6f4c8c37280a947161a) Importer(815301076,1909f56bfc062723c751e8b465ee728b)  -> (artifact id: '924c889f1ba881bb08e225e9db48c33f') in 0.037555 seconds 
========================================================================
Received Import Request.
  Time since last request: 2.176884 seconds.
  path: Assets/Brackeys/2D Mega Pack/Characters/Miner.png
  artifactKey: Guid(774fe8dccef69a44d9179e4529aea50c) Importer(815301076,1909f56bfc062723c751e8b465ee728b)
Start importing Assets/Brackeys/2D Mega Pack/Characters/Miner.png using Guid(774fe8dccef69a44d9179e4529aea50c) Importer(815301076,1909f56bfc062723c751e8b465ee728b)  -> (artifact id: 'de4af2eeaf783ef499ba3da91b546de4') in 0.026946 seconds 
========================================================================
Received Import Request.
  Time since last request: 0.000031 seconds.
  path: Assets/Brackeys/2D Mega Pack/Characters/Wizard.png
  artifactKey: Guid(c98b9cd543d1a6d448e27babb81798a0) Importer(815301076,1909f56bfc062723c751e8b465ee728b)
Start importing Assets/Brackeys/2D Mega Pack/Characters/Wizard.png using Guid(c98b9cd543d1a6d448e27babb81798a0) Importer(815301076,1909f56bfc062723c751e8b465ee728b)  -> (artifact id: '97910b92eddbf0b5270cc86c98f13826') in 0.053029 seconds 
========================================================================
Received Import Request.
  Time since last request: 2.834060 seconds.
  path: Assets/Brackeys/2D Mega Pack/Backgrounds/DarkBackground.png
  artifactKey: Guid(50d72038d4682bd408a711176db21098) Importer(815301076,1909f56bfc062723c751e8b465ee728b)
Start importing Assets/Brackeys/2D Mega Pack/Backgrounds/DarkBackground.png using Guid(50d72038d4682bd408a711176db21098) Importer(815301076,1909f56bfc062723c751e8b465ee728b)  -> (artifact id: '40f30b2f9a4ce536a5c710bec0b94e30') in 0.322119 seconds 
========================================================================
Received Import Request.
  Time since last request: 0.945174 seconds.
  path: Assets/Brackeys/2D Mega Pack/-- Example Photos --/Gold Miner Example.png
  artifactKey: Guid(0eee6b3f41fb0134d80930957ef67fb6) Importer(815301076,1909f56bfc062723c751e8b465ee728b)
Start importing Assets/Brackeys/2D Mega Pack/-- Example Photos --/Gold Miner Example.png using Guid(0eee6b3f41fb0134d80930957ef67fb6) Importer(815301076,1909f56bfc062723c751e8b465ee728b)  -> (artifact id: 'd269a360b0eaa87e39a7b7872e576027') in 0.234180 seconds 
========================================================================
Received Import Request.
  Time since last request: 0.142850 seconds.
  path: Assets/Brackeys/2D Mega Pack/-- Example Photos --/Shape Shooter Example.PNG
  artifactKey: Guid(b6d302bd7a3b85048a384dc6b0610011) Importer(815301076,1909f56bfc062723c751e8b465ee728b)
Start importing Assets/Brackeys/2D Mega Pack/-- Example Photos --/Shape Shooter Example.PNG using Guid(b6d302bd7a3b85048a384dc6b0610011) Importer(815301076,1909f56bfc062723c751e8b465ee728b)  -> (artifact id: '8c476d2f4fae97fcceb84ccfc2811cd5') in 0.199089 seconds 
========================================================================
Received Import Request.
  Time since last request: 0.000029 seconds.
  path: Assets/Brackeys/2D Mega Pack/-- Example Photos --/Stick Figure Example.png
  artifactKey: Guid(53957bfc90a783f4690ebf0afa8a713b) Importer(815301076,1909f56bfc062723c751e8b465ee728b)
Start importing Assets/Brackeys/2D Mega Pack/-- Example Photos --/Stick Figure Example.png using Guid(53957bfc90a783f4690ebf0afa8a713b) Importer(815301076,1909f56bfc062723c751e8b465ee728b)  -> (artifact id: 'fe6994eafbac8a4cc8dbcbb935ecb917') in 0.222296 seconds 
========================================================================
Received Prepare
Registering precompiled user dll's ...
Registered in 0.004037 seconds.
Begin MonoManager ReloadAssembly
Symbol file LoadedFromMemory doesn't match image D:\Unity Projects\Grappler Project updated\Project Git\Grappler-Project\Library\PackageCache\com.unity.visualscripting@1.7.8\Editor\VisualScripting.Core\Dependencies\YamlDotNet\Unity.VisualScripting.YamlDotNet.dll
Symbol file LoadedFromMemory doesn't match image D:\Unity Projects\Grappler Project updated\Project Git\Grappler-Project\Library\PackageCache\com.unity.visualscripting@1.7.8\Editor\VisualScripting.Core\Dependencies\DotNetZip\Unity.VisualScripting.IonicZip.dll
Native extension for WindowsStandalone target not found
Native extension for Android target not found
Refreshing native plugins compatible for Editor in 1.24 ms, found 4 plugins.
Preloading 0 native plugins for Editor in 0.00 ms.
Mono: successfully reloaded assembly
- Completed reload, in  1.180 seconds
Domain Reload Profiling:
	ReloadAssembly (1180ms)
		BeginReloadAssembly (143ms)
			ExecutionOrderSort (0ms)
			DisableScriptedObjects (6ms)
			BackupInstance (0ms)
			ReleaseScriptingObjects (0ms)
			CreateAndSetChildDomain (49ms)
		EndReloadAssembly (968ms)
			LoadAssemblies (115ms)
			RebuildTransferFunctionScriptingTraits (0ms)
			SetupTypeCache (251ms)
			ReleaseScriptCaches (3ms)
			RebuildScriptCaches (66ms)
			SetupLoadedEditorAssemblies (500ms)
				LogAssemblyErrors (0ms)
				InitializePlatformSupportModulesInManaged (18ms)
				SetLoadedEditorAssemblies (1ms)
				RefreshPlugins (1ms)
				BeforeProcessingInitializeOnLoad (65ms)
				ProcessInitializeOnLoadAttributes (346ms)
				ProcessInitializeOnLoadMethodAttributes (67ms)
				AfterProcessingInitializeOnLoad (2ms)
				EditorAssembliesLoaded (0ms)
			ExecutionOrderSort2 (0ms)
			AwakeInstancesAfterBackupRestoration (7ms)
Platform modules already initialized, skipping
Refreshing native plugins compatible for Editor in 5.96 ms, found 4 plugins.
Preloading 0 native plugins for Editor in 0.00 ms.
Unloading 5440 Unused Serialized files (Serialized files now loaded: 0)
Unloading 35 unused Assets / (0.8 MB). Loaded Objects now: 6048.
Memory consumption went from 222.5 MB to 221.7 MB.
Total: 5.359100 ms (FindLiveObjects: 0.589900 ms CreateObjectMapping: 0.248100 ms MarkObjects: 3.948200 ms  DeleteObjects: 0.570800 ms)

AssetImportParameters requested are different than current active one (requested -> active):
  custom:video-decoder-ogg-theora: a1e56fd34408186e4bbccfd4996cb3dc -> 
  custom:container-muxer-webm: aa71ff27fc2769a1b78a27578f13a17b -> 
  custom:container-demuxer-webm: 4f35f7cbe854078d1ac9338744f61a02 -> 
  custom:video-encoder-webm-vp8: eb34c28f22e8b96e1ab97ce403110664 -> 
  custom:video-codec-MediaFoundation-h265: 746d11721c4dcdbdad8f713fa42b33f4 -> 
  custom:audio-encoder-webm-vorbis: bf7c407c2cedff20999df2af8eb42d56 -> 
  custom:framework-win-MediaFoundation: 216162199b28c13a410421893ffa2e32 -> 
  custom:container-demuxer-ogg: 62fdf1f143b41e24485cea50d1cbac27 -> 
  custom:video-decoder-webm-vp8: 9c59270c3fd7afecdb556c50c9e8de78 -> 
  custom:audio-decoder-ogg-vorbis: bf7c407c2cedff20999df2af8eb42d56 -> 
========================================================================
Received Prepare
Registering precompiled user dll's ...
Registered in 0.003360 seconds.
Begin MonoManager ReloadAssembly
Symbol file LoadedFromMemory doesn't match image D:\Unity Projects\Grappler Project updated\Project Git\Grappler-Project\Library\PackageCache\com.unity.visualscripting@1.7.8\Editor\VisualScripting.Core\Dependencies\YamlDotNet\Unity.VisualScripting.YamlDotNet.dll
Symbol file LoadedFromMemory doesn't match image D:\Unity Projects\Grappler Project updated\Project Git\Grappler-Project\Library\PackageCache\com.unity.visualscripting@1.7.8\Editor\VisualScripting.Core\Dependencies\DotNetZip\Unity.VisualScripting.IonicZip.dll
Native extension for WindowsStandalone target not found
Native extension for Android target not found
Refreshing native plugins compatible for Editor in 2.50 ms, found 4 plugins.
Preloading 0 native plugins for Editor in 0.00 ms.
Mono: successfully reloaded assembly
- Completed reload, in  1.113 seconds
Domain Reload Profiling:
	ReloadAssembly (1114ms)
		BeginReloadAssembly (123ms)
			ExecutionOrderSort (0ms)
			DisableScriptedObjects (4ms)
			BackupInstance (0ms)
			ReleaseScriptingObjects (0ms)
			CreateAndSetChildDomain (41ms)
		EndReloadAssembly (920ms)
			LoadAssemblies (103ms)
			RebuildTransferFunctionScriptingTraits (0ms)
			SetupTypeCache (237ms)
			ReleaseScriptCaches (2ms)
			RebuildScriptCaches (58ms)
			SetupLoadedEditorAssemblies (491ms)
				LogAssemblyErrors (0ms)
				InitializePlatformSupportModulesInManaged (17ms)
				SetLoadedEditorAssemblies (1ms)
				RefreshPlugins (3ms)
				BeforeProcessingInitializeOnLoad (63ms)
				ProcessInitializeOnLoadAttributes (339ms)
				ProcessInitializeOnLoadMethodAttributes (66ms)
				AfterProcessingInitializeOnLoad (2ms)
				EditorAssembliesLoaded (0ms)
			ExecutionOrderSort2 (0ms)
			AwakeInstancesAfterBackupRestoration (8ms)
Platform modules already initialized, skipping
Refreshing native plugins compatible for Editor in 6.43 ms, found 4 plugins.
Preloading 0 native plugins for Editor in 0.00 ms.
Unloading 5440 Unused Serialized files (Serialized files now loaded: 0)
Unloading 35 unused Assets / (0.8 MB). Loaded Objects now: 6051.
Memory consumption went from 222.5 MB to 221.7 MB.
Total: 11.158100 ms (FindLiveObjects: 1.420400 ms CreateObjectMapping: 0.972900 ms MarkObjects: 7.470900 ms  DeleteObjects: 1.290600 ms)

AssetImportParameters requested are different than current active one (requested -> active):
  custom:video-decoder-ogg-theora: a1e56fd34408186e4bbccfd4996cb3dc -> 
  custom:container-muxer-webm: aa71ff27fc2769a1b78a27578f13a17b -> 
  custom:container-demuxer-webm: 4f35f7cbe854078d1ac9338744f61a02 -> 
  custom:video-encoder-webm-vp8: eb34c28f22e8b96e1ab97ce403110664 -> 
  custom:video-codec-MediaFoundation-h265: 746d11721c4dcdbdad8f713fa42b33f4 -> 
  custom:audio-encoder-webm-vorbis: bf7c407c2cedff20999df2af8eb42d56 -> 
  custom:framework-win-MediaFoundation: 216162199b28c13a410421893ffa2e32 -> 
  custom:container-demuxer-ogg: 62fdf1f143b41e24485cea50d1cbac27 -> 
  custom:video-decoder-webm-vp8: 9c59270c3fd7afecdb556c50c9e8de78 -> 
  custom:audio-decoder-ogg-vorbis: bf7c407c2cedff20999df2af8eb42d56 -> 
========================================================================
Received Prepare
Registering precompiled user dll's ...
Registered in 0.004024 seconds.
Begin MonoManager ReloadAssembly
Symbol file LoadedFromMemory doesn't match image D:\Unity Projects\Grappler Project updated\Project Git\Grappler-Project\Library\PackageCache\com.unity.visualscripting@1.7.8\Editor\VisualScripting.Core\Dependencies\YamlDotNet\Unity.VisualScripting.YamlDotNet.dll
Symbol file LoadedFromMemory doesn't match image D:\Unity Projects\Grappler Project updated\Project Git\Grappler-Project\Library\PackageCache\com.unity.visualscripting@1.7.8\Editor\VisualScripting.Core\Dependencies\DotNetZip\Unity.VisualScripting.IonicZip.dll
Native extension for WindowsStandalone target not found
Native extension for Android target not found
Refreshing native plugins compatible for Editor in 1.01 ms, found 4 plugins.
Preloading 0 native plugins for Editor in 0.00 ms.
Mono: successfully reloaded assembly
- Completed reload, in  1.116 seconds
Domain Reload Profiling:
	ReloadAssembly (1117ms)
		BeginReloadAssembly (133ms)
			ExecutionOrderSort (0ms)
			DisableScriptedObjects (5ms)
			BackupInstance (0ms)
			ReleaseScriptingObjects (0ms)
			CreateAndSetChildDomain (43ms)
		EndReloadAssembly (911ms)
			LoadAssemblies (110ms)
			RebuildTransferFunctionScriptingTraits (0ms)
			SetupTypeCache (229ms)
			ReleaseScriptCaches (3ms)
			RebuildScriptCaches (48ms)
			SetupLoadedEditorAssemblies (505ms)
				LogAssemblyErrors (0ms)
				InitializePlatformSupportModulesInManaged (17ms)
				SetLoadedEditorAssemblies (1ms)
				RefreshPlugins (1ms)
				BeforeProcessingInitializeOnLoad (62ms)
				ProcessInitializeOnLoadAttributes (360ms)
				ProcessInitializeOnLoadMethodAttributes (63ms)
				AfterProcessingInitializeOnLoad (2ms)
				EditorAssembliesLoaded (0ms)
			ExecutionOrderSort2 (0ms)
			AwakeInstancesAfterBackupRestoration (7ms)
Platform modules already initialized, skipping
Refreshing native plugins compatible for Editor in 6.31 ms, found 4 plugins.
Preloading 0 native plugins for Editor in 0.00 ms.
Unloading 5440 Unused Serialized files (Serialized files now loaded: 0)
Unloading 35 unused Assets / (0.8 MB). Loaded Objects now: 6054.
Memory consumption went from 222.6 MB to 221.7 MB.
Total: 5.618700 ms (FindLiveObjects: 0.651800 ms CreateObjectMapping: 0.285000 ms MarkObjects: 3.946000 ms  DeleteObjects: 0.733200 ms)

AssetImportParameters requested are different than current active one (requested -> active):
  custom:video-decoder-ogg-theora: a1e56fd34408186e4bbccfd4996cb3dc -> 
  custom:container-muxer-webm: aa71ff27fc2769a1b78a27578f13a17b -> 
  custom:container-demuxer-webm: 4f35f7cbe854078d1ac9338744f61a02 -> 
  custom:video-encoder-webm-vp8: eb34c28f22e8b96e1ab97ce403110664 -> 
  custom:video-codec-MediaFoundation-h265: 746d11721c4dcdbdad8f713fa42b33f4 -> 
  custom:audio-encoder-webm-vorbis: bf7c407c2cedff20999df2af8eb42d56 -> 
  custom:framework-win-MediaFoundation: 216162199b28c13a410421893ffa2e32 -> 
  custom:container-demuxer-ogg: 62fdf1f143b41e24485cea50d1cbac27 -> 
  custom:video-decoder-webm-vp8: 9c59270c3fd7afecdb556c50c9e8de78 -> 
  custom:audio-decoder-ogg-vorbis: bf7c407c2cedff20999df2af8eb42d56 -> 
========================================================================
Received Import Request.
  Time since last request: 900.416785 seconds.
  path: Assets/Game Assets (Added by Anoush)/Grapple_Gun_sample-removebg.png
  artifactKey: Guid(2dfcb787a881cda4091608a1ae64725b) Importer(815301076,1909f56bfc062723c751e8b465ee728b)
Start importing Assets/Game Assets (Added by Anoush)/Grapple_Gun_sample-removebg.png using Guid(2dfcb787a881cda4091608a1ae64725b) Importer(815301076,1909f56bfc062723c751e8b465ee728b)  -> (artifact id: '44e89842dbcd52f09feacb8194a8ee42') in 0.079472 seconds 
========================================================================
Received Import Request.
  Time since last request: 0.000056 seconds.
  path: Assets/Game Assets (Added by Anoush)/Polygon 1 copy.psb
  artifactKey: Guid(9a0f448e63bdc6b4587c49f9b10293c7) Importer(815301076,1909f56bfc062723c751e8b465ee728b)
Start importing Assets/Game Assets (Added by Anoush)/Polygon 1 copy.psb using Guid(9a0f448e63bdc6b4587c49f9b10293c7) Importer(815301076,1909f56bfc062723c751e8b465ee728b)  -> (artifact id: '606b432797c44f32b3c82878c2793b05') in 0.093486 seconds 
========================================================================
Received Import Request.
  Time since last request: 3.885678 seconds.
  path: Assets/Game Assets (Added by Anoush)/Platform_Blue_Wide.png
  artifactKey: Guid(f13c628e21a5a6a4caae766983ac9e19) Importer(815301076,1909f56bfc062723c751e8b465ee728b)
Start importing Assets/Game Assets (Added by Anoush)/Platform_Blue_Wide.png using Guid(f13c628e21a5a6a4caae766983ac9e19) Importer(815301076,1909f56bfc062723c751e8b465ee728b)  -> (artifact id: 'a5b771a20586998a65ed2a17c042fe6f') in 0.011113 seconds 
========================================================================
Received Import Request.
  Time since last request: 0.573633 seconds.
  path: Assets/Game Assets (Added by Anoush)/Platform_Outline.png
  artifactKey: Guid(7676b6caec989ae4792190c2bd7deb60) Importer(815301076,1909f56bfc062723c751e8b465ee728b)
Start importing Assets/Game Assets (Added by Anoush)/Platform_Outline.png using Guid(7676b6caec989ae4792190c2bd7deb60) Importer(815301076,1909f56bfc062723c751e8b465ee728b)  -> (artifact id: '78237f4f74564676b556b48c4509da07') in 0.009403 seconds 
========================================================================
Received Import Request.
  Time since last request: 0.580675 seconds.
  path: Assets/Game Assets (Added by Anoush)/Platform_Pink_Wide.png
  artifactKey: Guid(275541eacfe65804c99739092aefb7dd) Importer(815301076,1909f56bfc062723c751e8b465ee728b)
Start importing Assets/Game Assets (Added by Anoush)/Platform_Pink_Wide.png using Guid(275541eacfe65804c99739092aefb7dd) Importer(815301076,1909f56bfc062723c751e8b465ee728b)  -> (artifact id: '40e8381998ac495d0bb73d0aa7f14665') in 0.010923 seconds 
========================================================================
Received Import Request.
  Time since last request: 0.564520 seconds.
  path: Assets/Game Assets (Added by Anoush)/Platform_Vertical_Wood_Small.png
  artifactKey: Guid(a5e59792bb95f614a8cb7a78b4a86ced) Importer(815301076,1909f56bfc062723c751e8b465ee728b)
Start importing Assets/Game Assets (Added by Anoush)/Platform_Vertical_Wood_Small.png using Guid(a5e59792bb95f614a8cb7a78b4a86ced) Importer(815301076,1909f56bfc062723c751e8b465ee728b)  -> (artifact id: '92a98841cf78a09ca968945844377bd0') in 0.021424 seconds 
========================================================================
Received Import Request.
  Time since last request: 0.000050 seconds.
  path: Assets/Game Assets (Added by Anoush)/Platform_Wood.png
  artifactKey: Guid(1fdcdbbc9f30efa448e0ab87d494ef3f) Importer(815301076,1909f56bfc062723c751e8b465ee728b)
Start importing Assets/Game Assets (Added by Anoush)/Platform_Wood.png using Guid(1fdcdbbc9f30efa448e0ab87d494ef3f) Importer(815301076,1909f56bfc062723c751e8b465ee728b)  -> (artifact id: '9f933a64b2135b8c568cfdc56b7569c9') in 0.010071 seconds 
========================================================================
Received Import Request.
  Time since last request: 0.000068 seconds.
  path: Assets/Game Assets (Added by Anoush)/Platform_Vertical_Uncolored.png
  artifactKey: Guid(9b8327670011d054199f46b0d728b2bb) Importer(815301076,1909f56bfc062723c751e8b465ee728b)
Start importing Assets/Game Assets (Added by Anoush)/Platform_Vertical_Uncolored.png using Guid(9b8327670011d054199f46b0d728b2bb) Importer(815301076,1909f56bfc062723c751e8b465ee728b)  -> (artifact id: '555da89afad1a8dce235a81ea42b0ceb') in 0.014481 seconds 
========================================================================
Received Import Request.
  Time since last request: 0.000044 seconds.
  path: Assets/Game Assets (Added by Anoush)/Platform_Uncolored_Wide.png
  artifactKey: Guid(554a88f2826ea9940bfa9af173844b2e) Importer(815301076,1909f56bfc062723c751e8b465ee728b)
Start importing Assets/Game Assets (Added by Anoush)/Platform_Uncolored_Wide.png using Guid(554a88f2826ea9940bfa9af173844b2e) Importer(815301076,1909f56bfc062723c751e8b465ee728b)  -> (artifact id: '36aaafcc3670729736eddca4e19a429f') in 0.014530 seconds 
Editor requested this worker to shutdown with reason: Scaling down because of idle timeout
AssetImportWorker is now disconnected from the server
Process exiting
Exiting without the bug reporter. Application will terminate with return code 0